Using pre-set license
Built from '6000.1/staging' branch; Version is '6000.1.4f1 (03270eb687c6) revision 206606'; Using compiler version '194234433'; Build Type 'Release'
OS: 'Windows 11  (10.0.26100) 64bit Core' Language: 'el' Physical Memory: 7541 MB
BatchMode: 1, IsHumanControllingUs: 0, StartBugReporterOnCrash: 0, Is64bit: 1, IsPro: 1
Date: 2025-07-03T07:58:22Z

COMMAND LINE ARGUMENTS:
C:\Program Files\Unity\Hub\Editor\6000.1.4f1\Editor\Unity.exe
-adb2
-batchMode
-noUpm
-name
AssetImportWorker0
-projectPath
C:/Users/jimdr/Downloads/escape room tutorial/escape room tutorial
-logFile
Logs/AssetImportWorker0.log
-srvPort
52998
-job-worker-count
1
-background-job-worker-count
8
-gc-helper-count
1
-name
AssetImport
Successfully changed project path to: C:/Users/jimdr/Downloads/escape room tutorial/escape room tutorial
C:/Users/jimdr/Downloads/escape room tutorial/escape room tutorial
[UnityMemory] Configuration Parameters - Can be set up in boot.config
    "memorysetup-allocator-temp-initial-block-size-main=262144"
    "memorysetup-allocator-temp-initial-block-size-worker=262144"
    "memorysetup-bucket-allocator-granularity=16"
    "memorysetup-bucket-allocator-bucket-count=8"
    "memorysetup-bucket-allocator-block-size=33554432"
    "memorysetup-bucket-allocator-block-count=8"
    "memorysetup-main-allocator-block-size=16777216"
    "memorysetup-thread-allocator-block-size=16777216"
    "memorysetup-gfx-main-allocator-block-size=16777216"
    "memorysetup-gfx-thread-allocator-block-size=16777216"
    "memorysetup-cache-allocator-block-size=4194304"
    "memorysetup-typetree-allocator-block-size=2097152"
    "memorysetup-profiler-bucket-allocator-granularity=16"
    "memorysetup-profiler-bucket-allocator-bucket-count=8"
    "memorysetup-profiler-bucket-allocator-block-size=33554432"
    "memorysetup-profiler-bucket-allocator-block-count=8"
    "memorysetup-profiler-allocator-block-size=16777216"
    "memorysetup-profiler-editor-allocator-block-size=1048576"
    "memorysetup-temp-allocator-size-main=16777216"
    "memorysetup-job-temp-allocator-block-size=2097152"
    "memorysetup-job-temp-allocator-block-size-background=1048576"
    "memorysetup-job-temp-allocator-reduction-small-platforms=262144"
    "memorysetup-temp-allocator-size-background-worker=32768"
    "memorysetup-temp-allocator-size-job-worker=262144"
    "memorysetup-temp-allocator-size-preload-manager=33554432"
    "memorysetup-temp-allocator-size-nav-mesh-worker=65536"
    "memorysetup-temp-allocator-size-audio-worker=65536"
    "memorysetup-temp-allocator-size-cloud-worker=32768"
    "memorysetup-temp-allocator-size-gi-baking-worker=262144"
    "memorysetup-temp-allocator-size-gi-baking-worker=262144"
    "memorysetup-temp-allocator-size-gi-baking-worker=262144"
    "memorysetup-temp-allocator-size-gi-baking-worker=262144"
    "memorysetup-temp-allocator-size-gi-baking-worker=262144"
    "memorysetup-temp-allocator-size-gfx=262144"
Player connection [11820]  Target information:

Player connection [11820]  * "[IP] 192.168.56.1 [Port] 0 [Flags] 2 [Guid] 1668361261 [EditorId] 1668361261 [Version] 1048832 [Id] WindowsEditor(7,Appa) [Debug] 1 [PackageName] WindowsEditor [ProjectName] Editor" 

Player connection [11820]  * "[IP] 192.168.2.4 [Port] 0 [Flags] 2 [Guid] 1668361261 [EditorId] 1668361261 [Version] 1048832 [Id] WindowsEditor(7,Appa) [Debug] 1 [PackageName] WindowsEditor [ProjectName] Editor" 

Player connection [11820] Host joined multi-casting on [225.0.0.222:54997]...
Player connection [11820] Host joined alternative multi-casting on [225.0.0.222:34997]...
JobSystem: Creating JobQueue using job-worker-count value 1
Input System module state changed to: Initialized.
[Physics::Module] Initialized fallback backend.
[Physics::Module] Id: 0xdecafbad
Library Redirect Path: Library/
[Physics::Module] Selected backend.
[Physics::Module] Name: PhysX
[Physics::Module] Id: 0xf2b8ea05
[Physics::Module] SDK Version: 4.1.2
[Physics::Module] Integration Version: 1.0.0
[Physics::Module] Threading Mode: Multi-Threaded
Refreshing native plugins compatible for Editor in 0.00 ms, found 0 plugins.
Preloading 0 native plugins for Editor in 0.00 ms.
Initialize engine version: 6000.1.4f1 (03270eb687c6)
[Subsystems] Discovering subsystems at path C:/Program Files/Unity/Hub/Editor/6000.1.4f1/Editor/Data/Resources/UnitySubsystems
[Subsystems] Discovering subsystems at path C:/Users/jimdr/Downloads/escape room tutorial/escape room tutorial/Assets
GfxDevice: creating device client; kGfxThreadingModeNonThreaded
Direct3D:
    Version:  Direct3D 11.0 [level 11.1]
    Renderer: AMD Radeon(TM) Graphics (ID=0x1636)
    Vendor:   ATI
    VRAM:     3770 MB
    Driver:   30.0.13044.0
Initialize mono
Mono path[0] = 'C:/Program Files/Unity/Hub/Editor/6000.1.4f1/Editor/Data/Managed'
Mono path[1] = 'C:/Program Files/Unity/Hub/Editor/6000.1.4f1/Editor/Data/MonoBleedingEdge/lib/mono/unityjit-win32'
Mono config path = 'C:/Program Files/Unity/Hub/Editor/6000.1.4f1/Editor/Data/MonoBleedingEdge/etc'
Using monoOptions --debugger-agent=transport=dt_socket,embedding=1,server=y,suspend=n,address=127.0.0.1:56100
Begin MonoManager ReloadAssembly
Registering precompiled unity dll's ...
Register platform support module: C:/Program Files/Unity/Hub/Editor/6000.1.4f1/Editor/Data/PlaybackEngines/WebGLSupport/UnityEditor.WebGL.Extensions.dll
Register platform support module: C:/Program Files/Unity/Hub/Editor/6000.1.4f1/Editor/Data/PlaybackEngines/WindowsStandaloneSupport/UnityEditor.WindowsStandalone.Extensions.dll
Registered in 0.006044 seconds.
- Loaded All Assemblies, in  1.059 seconds
Native extension for WindowsStandalone target not found
Native extension for WebGL target not found
Mono: successfully reloaded assembly
- Finished resetting the current domain, in  0.878 seconds
Domain Reload Profiling: 1932ms
	BeginReloadAssembly (383ms)
		ExecutionOrderSort (0ms)
		DisableScriptedObjects (0ms)
		BackupInstance (0ms)
		ReleaseScriptingObjects (0ms)
		CreateAndSetChildDomain (1ms)
	RebuildCommonClasses (99ms)
	RebuildNativeTypeToScriptingClass (42ms)
	initialDomainReloadingComplete (116ms)
	LoadAllAssembliesAndSetupDomain (414ms)
		LoadAssemblies (378ms)
		RebuildTransferFunctionScriptingTraits (0ms)
		AnalyzeDomain (405ms)
			TypeCache.Refresh (402ms)
				TypeCache.ScanAssembly (373ms)
			BuildScriptInfoCaches (0ms)
			ResolveRequiredComponents (1ms)
	FinalizeReload (879ms)
		ReleaseScriptCaches (0ms)
		RebuildScriptCaches (0ms)
		SetupLoadedEditorAssemblies (794ms)
			LogAssemblyErrors (0ms)
			InitializePlatformSupportModulesInManaged (134ms)
			SetLoadedEditorAssemblies (8ms)
			BeforeProcessingInitializeOnLoad (161ms)
			ProcessInitializeOnLoadAttributes (346ms)
			ProcessInitializeOnLoadMethodAttributes (144ms)
			AfterProcessingInitializeOnLoad (0ms)
			EditorAssembliesLoaded (0ms)
		ExecutionOrderSort2 (0ms)
		AwakeInstancesAfterBackupRestoration (0ms)
========================================================================
Worker process is ready to serve import requests
Import Worker Mode flag is 0x00
Begin MonoManager ReloadAssembly
- Loaded All Assemblies, in  0.870 seconds
Refreshing native plugins compatible for Editor in 0.00 ms, found 0 plugins.
Native extension for WindowsStandalone target not found
Native extension for WebGL target not found
Mono: successfully reloaded assembly
- Finished resetting the current domain, in  0.885 seconds
Domain Reload Profiling: 1748ms
	BeginReloadAssembly (572ms)
		ExecutionOrderSort (0ms)
		DisableScriptedObjects (15ms)
		BackupInstance (0ms)
		ReleaseScriptingObjects (0ms)
		CreateAndSetChildDomain (61ms)
	RebuildCommonClasses (121ms)
	RebuildNativeTypeToScriptingClass (35ms)
	initialDomainReloadingComplete (71ms)
	LoadAllAssembliesAndSetupDomain (63ms)
		LoadAssemblies (415ms)
		RebuildTransferFunctionScriptingTraits (0ms)
		AnalyzeDomain (42ms)
			TypeCache.Refresh (26ms)
				TypeCache.ScanAssembly (16ms)
			BuildScriptInfoCaches (7ms)
			ResolveRequiredComponents (4ms)
	FinalizeReload (886ms)
		ReleaseScriptCaches (0ms)
		RebuildScriptCaches (0ms)
		SetupLoadedEditorAssemblies (616ms)
			LogAssemblyErrors (0ms)
			InitializePlatformSupportModulesInManaged (7ms)
			SetLoadedEditorAssemblies (8ms)
			BeforeProcessingInitializeOnLoad (207ms)
			ProcessInitializeOnLoadAttributes (313ms)
			ProcessInitializeOnLoadMethodAttributes (66ms)
			AfterProcessingInitializeOnLoad (15ms)
			EditorAssembliesLoaded (0ms)
		ExecutionOrderSort2 (0ms)
		AwakeInstancesAfterBackupRestoration (21ms)
Launched and connected shader compiler UnityShaderCompiler.exe after 0.04 seconds
Refreshing native plugins compatible for Editor in 0.00 ms, found 0 plugins.
Preloading 0 native plugins for Editor in 0.00 ms.
Unloading 7 Unused Serialized files (Serialized files now loaded: 0)
Unloading 429 unused Assets / (116.1 KB). Loaded Objects now: 927.
Memory consumption went from 54.0 MB to 53.8 MB.
Total: 8.641700 ms (FindLiveObjects: 0.134400 ms CreateObjectMapping: 0.030600 ms MarkObjects: 8.118100 ms  DeleteObjects: 0.356700 ms)

========================================================================
Received Import Request.
  Time since last request: 370924.100487 seconds.
  path: Assets/Prefabs/key_yellow.prefab
  artifactKey: Guid(f0471f0240371d54099c51a6ddc333dd) Importer(815301076,1909f56bfc062723c751e8b465ee728b)
Start importing Assets/Prefabs/key_yellow.prefab using Guid(f0471f0240371d54099c51a6ddc333dd) Importer(815301076,1909f56bfc062723c751e8b465ee728b) (PreviewImporter) -> (artifact id: 'c009c47ffda1984ac7bc09b1d398bd8b') in 0.342865 seconds
Number of updated asset objects reloaded before import = 0Number of asset objects unloaded after import = 9

========================================================================
Received Import Request.
  Time since last request: 0.000110 seconds.
  path: Assets/Prefabs/EscapeMessage.prefab
  artifactKey: Guid(9b5a6771f5cda634e85dcffd3818a2fa) Importer(815301076,1909f56bfc062723c751e8b465ee728b)
Start importing Assets/Prefabs/EscapeMessage.prefab using Guid(9b5a6771f5cda634e85dcffd3818a2fa) Importer(815301076,1909f56bfc062723c751e8b465ee728b) (PreviewImporter) -> (artifact id: '525bb335d013239bb59378fea4d4a12e') in 0.0126618 seconds
Number of updated asset objects reloaded before import = 0Number of asset objects unloaded after import = 8

========================================================================
Received Import Request.
  Time since last request: 0.000026 seconds.
  path: Assets/Prefabs/box cut.prefab
  artifactKey: Guid(914713871cf2b514f9f2d35398c312c9) Importer(815301076,1909f56bfc062723c751e8b465ee728b)
Start importing Assets/Prefabs/box cut.prefab using Guid(914713871cf2b514f9f2d35398c312c9) Importer(815301076,1909f56bfc062723c751e8b465ee728b) (PreviewImporter) -> (artifact id: 'd922a1e588c6beac085a66e87f00d7b6') in 0.0147688 seconds
Number of updated asset objects reloaded before import = 0Number of asset objects unloaded after import = 9

========================================================================
Received Import Request.
  Time since last request: 0.000029 seconds.
  path: Assets/Prefabs/numberLock.prefab
  artifactKey: Guid(2e9519844a1f3eb45bf605d2ef7b6089) Importer(815301076,1909f56bfc062723c751e8b465ee728b)
Start importing Assets/Prefabs/numberLock.prefab using Guid(2e9519844a1f3eb45bf605d2ef7b6089) Importer(815301076,1909f56bfc062723c751e8b465ee728b) (PreviewImporter) -> (artifact id: '9ea40852bec1cfaa401e9b2933d2ea2c') in 0.0381005 seconds
Number of updated asset objects reloaded before import = 0Number of asset objects unloaded after import = 27

========================================================================
Received Import Request.
  Time since last request: 0.000043 seconds.
  path: Assets/Prefabs/changeViewPoint.prefab
  artifactKey: Guid(05a411cb6d925cc4b98edb5353ad78a1) Importer(815301076,1909f56bfc062723c751e8b465ee728b)
Start importing Assets/Prefabs/changeViewPoint.prefab using Guid(05a411cb6d925cc4b98edb5353ad78a1) Importer(815301076,1909f56bfc062723c751e8b465ee728b) (PreviewImporter) -> (artifact id: 'cd5286a087bdbaf72f9dc6aee36a522c') in 0.0038611 seconds
Number of updated asset objects reloaded before import = 0Number of asset objects unloaded after import = 6

========================================================================
Received Import Request.
  Time since last request: 0.000037 seconds.
  path: Assets/Prefabs/paper.prefab
  artifactKey: Guid(b6c4180dd6fdb3442ab22b34508ce665) Importer(815301076,1909f56bfc062723c751e8b465ee728b)
Start importing Assets/Prefabs/paper.prefab using Guid(b6c4180dd6fdb3442ab22b34508ce665) Importer(815301076,1909f56bfc062723c751e8b465ee728b) (PreviewImporter) -> (artifact id: '23530d537319bf4832ab8be00f64c19f') in 0.0143234 seconds
Number of updated asset objects reloaded before import = 0Number of asset objects unloaded after import = 9

========================================================================
Received Import Request.
  Time since last request: 0.000027 seconds.
  path: Assets/Prefabs/zoomInObject.prefab
  artifactKey: Guid(a98d3d704f8c055428470dd61c9ca6e0) Importer(815301076,1909f56bfc062723c751e8b465ee728b)
Start importing Assets/Prefabs/zoomInObject.prefab using Guid(a98d3d704f8c055428470dd61c9ca6e0) Importer(815301076,1909f56bfc062723c751e8b465ee728b) (PreviewImporter) -> (artifact id: 'cc68055c62c65db7cd12df8f45e5d81a') in 0.0041159 seconds
Number of updated asset objects reloaded before import = 0Number of asset objects unloaded after import = 6

========================================================================
Received Import Request.
  Time since last request: 16.044251 seconds.
  path: Assets/Sounds/sound.wav
  artifactKey: Guid(2afff54765780f2408ae02bc1866a504) Importer(815301076,1909f56bfc062723c751e8b465ee728b)
Start importing Assets/Sounds/sound.wav using Guid(2afff54765780f2408ae02bc1866a504) Importer(815301076,1909f56bfc062723c751e8b465ee728b) (PreviewImporter) -> (artifact id: '76b61e21360592311ae0b04a936ef241') in 0.0839827 seconds
Number of updated asset objects reloaded before import = 0Number of asset objects unloaded after import = 2

========================================================================
Received Import Request.
  Time since last request: 1.260051 seconds.
  path: Assets/Sprites/arrow.png
  artifactKey: Guid(391d67396847ded4785204a5c3649333) Importer(815301076,1909f56bfc062723c751e8b465ee728b)
Start importing Assets/Sprites/arrow.png using Guid(391d67396847ded4785204a5c3649333) Importer(815301076,1909f56bfc062723c751e8b465ee728b) (PreviewImporter) -> (artifact id: '84827a70ac731b0abcedbed7080843f6') in 0.099397 seconds
Number of updated asset objects reloaded before import = 0Number of asset objects unloaded after import = 3

========================================================================
Received Import Request.
  Time since last request: 0.000048 seconds.
  path: Assets/Sprites/loecker2 open.png
  artifactKey: Guid(7bab1e94c79980445ac4cdf2cb87b548) Importer(815301076,1909f56bfc062723c751e8b465ee728b)
Start importing Assets/Sprites/loecker2 open.png using Guid(7bab1e94c79980445ac4cdf2cb87b548) Importer(815301076,1909f56bfc062723c751e8b465ee728b) (PreviewImporter) -> (artifact id: 'edf8af11f45de2631562c5626902769b') in 0.021117 seconds
Number of updated asset objects reloaded before import = 0Number of asset objects unloaded after import = 3

========================================================================
Received Import Request.
  Time since last request: 0.000072 seconds.
  path: Assets/Sprites/drawer1 open.png
  artifactKey: Guid(43726f17e74b80146a96ace263d2cbfd) Importer(815301076,1909f56bfc062723c751e8b465ee728b)
Start importing Assets/Sprites/drawer1 open.png using Guid(43726f17e74b80146a96ace263d2cbfd) Importer(815301076,1909f56bfc062723c751e8b465ee728b) (PreviewImporter) -> (artifact id: 'da0fbe8b855aab686c30f7609c99b9f0') in 0.0173765 seconds
Number of updated asset objects reloaded before import = 0Number of asset objects unloaded after import = 3

========================================================================
Received Import Request.
  Time since last request: 0.000037 seconds.
  path: Assets/Sprites/locker2.png
  artifactKey: Guid(6d83ef62df556644dad50bb78d0cb684) Importer(815301076,1909f56bfc062723c751e8b465ee728b)
Start importing Assets/Sprites/locker2.png using Guid(6d83ef62df556644dad50bb78d0cb684) Importer(815301076,1909f56bfc062723c751e8b465ee728b) (PreviewImporter) -> (artifact id: '0d2f22ba02b1ac4f497ed403ac4a2040') in 0.0179866 seconds
Number of updated asset objects reloaded before import = 0Number of asset objects unloaded after import = 3

========================================================================
Received Import Request.
  Time since last request: 0.000044 seconds.
  path: Assets/Sprites/panel.png
  artifactKey: Guid(85bb72bdb34d19c49804c301da3533f0) Importer(815301076,1909f56bfc062723c751e8b465ee728b)
Start importing Assets/Sprites/panel.png using Guid(85bb72bdb34d19c49804c301da3533f0) Importer(815301076,1909f56bfc062723c751e8b465ee728b) (PreviewImporter) -> (artifact id: '67daa4037389dd5d390933d3aff906c4') in 0.0226445 seconds
Number of updated asset objects reloaded before import = 0Number of asset objects unloaded after import = 3

========================================================================
Received Import Request.
  Time since last request: 0.000044 seconds.
  path: Assets/Sprites/slot.png
  artifactKey: Guid(f4c6f234566c81349ada9e8a8210d10f) Importer(815301076,1909f56bfc062723c751e8b465ee728b)
Start importing Assets/Sprites/slot.png using Guid(f4c6f234566c81349ada9e8a8210d10f) Importer(815301076,1909f56bfc062723c751e8b465ee728b) (PreviewImporter) -> (artifact id: 'e724b318927cf0dbb2a57b7cb08cc987') in 0.0211398 seconds
Number of updated asset objects reloaded before import = 0Number of asset objects unloaded after import = 3

========================================================================
Received Import Request.
  Time since last request: 0.000053 seconds.
  path: Assets/Sprites/chess.png
  artifactKey: Guid(8c926ff0b4e1fc34da46b90a28d00bdf) Importer(815301076,1909f56bfc062723c751e8b465ee728b)
Start importing Assets/Sprites/chess.png using Guid(8c926ff0b4e1fc34da46b90a28d00bdf) Importer(815301076,1909f56bfc062723c751e8b465ee728b) (PreviewImporter) -> (artifact id: 'ed48c8fbf00510a1ff209093bce3ecbb') in 0.025737 seconds
Number of updated asset objects reloaded before import = 0Number of asset objects unloaded after import = 3

========================================================================
Received Import Request.
  Time since last request: 0.000059 seconds.
  path: Assets/Sprites/scattered pieces.png
  artifactKey: Guid(55f95861b8e53e04faec10d21a7896ce) Importer(815301076,1909f56bfc062723c751e8b465ee728b)
Start importing Assets/Sprites/scattered pieces.png using Guid(55f95861b8e53e04faec10d21a7896ce) Importer(815301076,1909f56bfc062723c751e8b465ee728b) (PreviewImporter) -> (artifact id: 'aeff5ad3db76fc189d69271a6b897b8e') in 0.0202043 seconds
Number of updated asset objects reloaded before import = 0Number of asset objects unloaded after import = 3

========================================================================
Received Import Request.
  Time since last request: 0.000044 seconds.
  path: Assets/Sprites/open door.png
  artifactKey: Guid(d87317c00ae16e54da022bbd1be3fb04) Importer(815301076,1909f56bfc062723c751e8b465ee728b)
Start importing Assets/Sprites/open door.png using Guid(d87317c00ae16e54da022bbd1be3fb04) Importer(815301076,1909f56bfc062723c751e8b465ee728b) (PreviewImporter) -> (artifact id: '061bf6f225b428e8d64b0af40f73be40') in 0.0185128 seconds
Number of updated asset objects reloaded before import = 0Number of asset objects unloaded after import = 3

========================================================================
Received Import Request.
  Time since last request: 0.000067 seconds.
  path: Assets/Sprites/horse.png
  artifactKey: Guid(a873c3478b46be6409ac0d82e5c44330) Importer(815301076,1909f56bfc062723c751e8b465ee728b)
Start importing Assets/Sprites/horse.png using Guid(a873c3478b46be6409ac0d82e5c44330) Importer(815301076,1909f56bfc062723c751e8b465ee728b) (PreviewImporter) -> (artifact id: 'ab847c793465ed708fd81043defb91d8') in 0.0198777 seconds
Number of updated asset objects reloaded before import = 0Number of asset objects unloaded after import = 3

========================================================================
Received Import Request.
  Time since last request: 0.000057 seconds.
  path: Assets/Sprites/mushroom.png
  artifactKey: Guid(bca884bd18bea504897f6900bcf75559) Importer(815301076,1909f56bfc062723c751e8b465ee728b)
Start importing Assets/Sprites/mushroom.png using Guid(bca884bd18bea504897f6900bcf75559) Importer(815301076,1909f56bfc062723c751e8b465ee728b) (PreviewImporter) -> (artifact id: '1f1656b73886d8799ef696bfde5bb128') in 0.0200263 seconds
Number of updated asset objects reloaded before import = 0Number of asset objects unloaded after import = 3

========================================================================
Received Import Request.
  Time since last request: 0.000038 seconds.
  path: Assets/Sprites/block.png
  artifactKey: Guid(d094d02d11073b74e8bfbaf7f414b1ee) Importer(815301076,1909f56bfc062723c751e8b465ee728b)
Start importing Assets/Sprites/block.png using Guid(d094d02d11073b74e8bfbaf7f414b1ee) Importer(815301076,1909f56bfc062723c751e8b465ee728b) (PreviewImporter) -> (artifact id: 'dc91aaf4610a57a5565a01b9167ad44a') in 0.0188636 seconds
Number of updated asset objects reloaded before import = 0Number of asset objects unloaded after import = 3

========================================================================
Received Import Request.
  Time since last request: 0.000040 seconds.
  path: Assets/Sprites/book changed.png
  artifactKey: Guid(b4a1d8873acd0ef4e960336e4ba8377f) Importer(815301076,1909f56bfc062723c751e8b465ee728b)
Start importing Assets/Sprites/book changed.png using Guid(b4a1d8873acd0ef4e960336e4ba8377f) Importer(815301076,1909f56bfc062723c751e8b465ee728b) (PreviewImporter) -> (artifact id: '31812b62ebad859e6a9a64be73e65145') in 0.0172653 seconds
Number of updated asset objects reloaded before import = 0Number of asset objects unloaded after import = 3

========================================================================
Received Import Request.
  Time since last request: 0.000099 seconds.
  path: Assets/Sprites/empty_item8.png
  artifactKey: Guid(8e28d0a8b3398304c8ad97e8b002985a) Importer(815301076,1909f56bfc062723c751e8b465ee728b)
Start importing Assets/Sprites/empty_item8.png using Guid(8e28d0a8b3398304c8ad97e8b002985a) Importer(815301076,1909f56bfc062723c751e8b465ee728b) (PreviewImporter) -> (artifact id: '4a8ab9eea89fd1f4764624b601bdd9cc') in 0.0206387 seconds
Number of updated asset objects reloaded before import = 0Number of asset objects unloaded after import = 3

========================================================================
Received Import Request.
  Time since last request: 0.000055 seconds.
  path: Assets/Sprites/locker3.png
  artifactKey: Guid(0dba1d63d70f8234ab6c674b41bef8d0) Importer(815301076,1909f56bfc062723c751e8b465ee728b)
Start importing Assets/Sprites/locker3.png using Guid(0dba1d63d70f8234ab6c674b41bef8d0) Importer(815301076,1909f56bfc062723c751e8b465ee728b) (PreviewImporter) -> (artifact id: '0d943c371adf8930f832d75ae806a908') in 0.0175296 seconds
Number of updated asset objects reloaded before import = 0Number of asset objects unloaded after import = 3

========================================================================
Received Import Request.
  Time since last request: 0.000037 seconds.
  path: Assets/Sprites/locker1.png
  artifactKey: Guid(21e47960ec43f024bbbdf0517d1b483f) Importer(815301076,1909f56bfc062723c751e8b465ee728b)
Start importing Assets/Sprites/locker1.png using Guid(21e47960ec43f024bbbdf0517d1b483f) Importer(815301076,1909f56bfc062723c751e8b465ee728b) (PreviewImporter) -> (artifact id: 'dbf5a9a02ddb389245c45c2ba090aa5f') in 0.0172351 seconds
Number of updated asset objects reloaded before import = 0Number of asset objects unloaded after import = 3

========================================================================
Received Import Request.
  Time since last request: 0.000081 seconds.
  path: Assets/Sprites/mushroom puzzle.png
  artifactKey: Guid(ec2f5464eb0cc5a42961b1d856e8377b) Importer(815301076,1909f56bfc062723c751e8b465ee728b)
Start importing Assets/Sprites/mushroom puzzle.png using Guid(ec2f5464eb0cc5a42961b1d856e8377b) Importer(815301076,1909f56bfc062723c751e8b465ee728b) (PreviewImporter) -> (artifact id: 'e144a535a5a60f503cd50428013554bf') in 0.0667933 seconds
Number of updated asset objects reloaded before import = 0Number of asset objects unloaded after import = 11

========================================================================
Received Import Request.
  Time since last request: 0.000035 seconds.
  path: Assets/Sprites/logo completed.png
  artifactKey: Guid(e42d74de404e7d241beb4c9ee3ee75dc) Importer(815301076,1909f56bfc062723c751e8b465ee728b)
Start importing Assets/Sprites/logo completed.png using Guid(e42d74de404e7d241beb4c9ee3ee75dc) Importer(815301076,1909f56bfc062723c751e8b465ee728b) (PreviewImporter) -> (artifact id: '26e0b89f808bc7d710b164abc02510ad') in 0.0272945 seconds
Number of updated asset objects reloaded before import = 0Number of asset objects unloaded after import = 3

========================================================================
Received Import Request.
  Time since last request: 0.000048 seconds.
  path: Assets/Sprites/screen.png
  artifactKey: Guid(09c6ed844feb7cd498b619d891b6c23d) Importer(815301076,1909f56bfc062723c751e8b465ee728b)
Start importing Assets/Sprites/screen.png using Guid(09c6ed844feb7cd498b619d891b6c23d) Importer(815301076,1909f56bfc062723c751e8b465ee728b) (PreviewImporter) -> (artifact id: 'ee52f07cebf267e880d1d63c92c5d7eb') in 0.0172566 seconds
Number of updated asset objects reloaded before import = 0Number of asset objects unloaded after import = 3

========================================================================
Received Import Request.
  Time since last request: 0.000039 seconds.
  path: Assets/Sprites/puzzle panel.png
  artifactKey: Guid(c50e654e55d398a4daf492d5b3bd8eb1) Importer(815301076,1909f56bfc062723c751e8b465ee728b)
Start importing Assets/Sprites/puzzle panel.png using Guid(c50e654e55d398a4daf492d5b3bd8eb1) Importer(815301076,1909f56bfc062723c751e8b465ee728b) (PreviewImporter) -> (artifact id: 'd7afd0a973c5ff025f735001b75f4b3f') in 0.0207228 seconds
Number of updated asset objects reloaded before import = 0Number of asset objects unloaded after import = 3

========================================================================
Received Import Request.
  Time since last request: 0.000036 seconds.
  path: Assets/Sprites/color paper.png
  artifactKey: Guid(287ed1a04c964cb44a45bf7838ace46c) Importer(815301076,1909f56bfc062723c751e8b465ee728b)
Start importing Assets/Sprites/color paper.png using Guid(287ed1a04c964cb44a45bf7838ace46c) Importer(815301076,1909f56bfc062723c751e8b465ee728b) (PreviewImporter) -> (artifact id: '9395626571cba3475ef23573b7b6a7f6') in 0.0203954 seconds
Number of updated asset objects reloaded before import = 0Number of asset objects unloaded after import = 3

========================================================================
Received Import Request.
  Time since last request: 0.000276 seconds.
  path: Assets/Sprites/locker1_2.png
  artifactKey: Guid(7a17cb120d2ad694b9c5e78b8a99037e) Importer(815301076,1909f56bfc062723c751e8b465ee728b)
Start importing Assets/Sprites/locker1_2.png using Guid(7a17cb120d2ad694b9c5e78b8a99037e) Importer(815301076,1909f56bfc062723c751e8b465ee728b) (PreviewImporter) -> (artifact id: '2c48bed106a96d0b38d812bda410334d') in 0.0175075 seconds
Number of updated asset objects reloaded before import = 0Number of asset objects unloaded after import = 3

========================================================================
Received Prepare
Begin MonoManager ReloadAssembly
- Loaded All Assemblies, in  0.543 seconds
Refreshing native plugins compatible for Editor in 0.00 ms, found 0 plugins.
Native extension for WindowsStandalone target not found
Native extension for WebGL target not found
Mono: successfully reloaded assembly
- Finished resetting the current domain, in  0.686 seconds
Domain Reload Profiling: 1225ms
	BeginReloadAssembly (340ms)
		ExecutionOrderSort (0ms)
		DisableScriptedObjects (11ms)
		BackupInstance (0ms)
		ReleaseScriptingObjects (0ms)
		CreateAndSetChildDomain (49ms)
	RebuildCommonClasses (84ms)
	RebuildNativeTypeToScriptingClass (26ms)
	initialDomainReloadingComplete (42ms)
	LoadAllAssembliesAndSetupDomain (44ms)
		LoadAssemblies (214ms)
		RebuildTransferFunctionScriptingTraits (0ms)
		AnalyzeDomain (30ms)
			TypeCache.Refresh (5ms)
				TypeCache.ScanAssembly (0ms)
			BuildScriptInfoCaches (17ms)
			ResolveRequiredComponents (5ms)
	FinalizeReload (687ms)
		ReleaseScriptCaches (0ms)
		RebuildScriptCaches (0ms)
		SetupLoadedEditorAssemblies (481ms)
			LogAssemblyErrors (0ms)
			InitializePlatformSupportModulesInManaged (5ms)
			SetLoadedEditorAssemblies (6ms)
			BeforeProcessingInitializeOnLoad (148ms)
			ProcessInitializeOnLoadAttributes (252ms)
			ProcessInitializeOnLoadMethodAttributes (55ms)
			AfterProcessingInitializeOnLoad (14ms)
			EditorAssembliesLoaded (0ms)
		ExecutionOrderSort2 (0ms)
		AwakeInstancesAfterBackupRestoration (21ms)
Refreshing native plugins compatible for Editor in 0.00 ms, found 0 plugins.
Preloading 0 native plugins for Editor in 0.00 ms.
Unloading 0 Unused Serialized files (Serialized files now loaded: 0)
Unloading 427 unused Assets / (21.0 KB). Loaded Objects now: 957.
Memory consumption went from 56.6 MB to 56.6 MB.
Total: 6.578200 ms (FindLiveObjects: 0.132600 ms CreateObjectMapping: 0.032700 ms MarkObjects: 6.230500 ms  DeleteObjects: 0.180100 ms)

Prepare: number of updated asset objects reloaded= 0
========================================================================
Received Prepare
Begin MonoManager ReloadAssembly
- Loaded All Assemblies, in  0.666 seconds
Refreshing native plugins compatible for Editor in 0.00 ms, found 0 plugins.
Native extension for WindowsStandalone target not found
Native extension for WebGL target not found
Mono: successfully reloaded assembly
- Finished resetting the current domain, in  0.681 seconds
Domain Reload Profiling: 1343ms
	BeginReloadAssembly (468ms)
		ExecutionOrderSort (0ms)
		DisableScriptedObjects (21ms)
		BackupInstance (0ms)
		ReleaseScriptingObjects (0ms)
		CreateAndSetChildDomain (47ms)
	RebuildCommonClasses (79ms)
	RebuildNativeTypeToScriptingClass (25ms)
	initialDomainReloadingComplete (47ms)
	LoadAllAssembliesAndSetupDomain (41ms)
		LoadAssemblies (343ms)
		RebuildTransferFunctionScriptingTraits (0ms)
		AnalyzeDomain (29ms)
			TypeCache.Refresh (6ms)
				TypeCache.ScanAssembly (0ms)
			BuildScriptInfoCaches (16ms)
			ResolveRequiredComponents (4ms)
	FinalizeReload (682ms)
		ReleaseScriptCaches (0ms)
		RebuildScriptCaches (0ms)
		SetupLoadedEditorAssemblies (479ms)
			LogAssemblyErrors (0ms)
			InitializePlatformSupportModulesInManaged (5ms)
			SetLoadedEditorAssemblies (6ms)
			BeforeProcessingInitializeOnLoad (140ms)
			ProcessInitializeOnLoadAttributes (270ms)
			ProcessInitializeOnLoadMethodAttributes (47ms)
			AfterProcessingInitializeOnLoad (11ms)
			EditorAssembliesLoaded (0ms)
		ExecutionOrderSort2 (0ms)
		AwakeInstancesAfterBackupRestoration (17ms)
Refreshing native plugins compatible for Editor in 0.00 ms, found 0 plugins.
Preloading 0 native plugins for Editor in 0.00 ms.
Unloading 0 Unused Serialized files (Serialized files now loaded: 0)
Unloading 427 unused Assets / (72.0 KB). Loaded Objects now: 957.
Memory consumption went from 56.6 MB to 56.6 MB.
Total: 6.349900 ms (FindLiveObjects: 0.167600 ms CreateObjectMapping: 0.050500 ms MarkObjects: 5.796000 ms  DeleteObjects: 0.332900 ms)

Prepare: number of updated asset objects reloaded= 0
========================================================================
Received Prepare
Begin MonoManager ReloadAssembly
- Loaded All Assemblies, in  0.567 seconds
Refreshing native plugins compatible for Editor in 0.00 ms, found 0 plugins.
Native extension for WindowsStandalone target not found
Native extension for WebGL target not found
Mono: successfully reloaded assembly
- Finished resetting the current domain, in  0.703 seconds
Domain Reload Profiling: 1265ms
	BeginReloadAssembly (357ms)
		ExecutionOrderSort (0ms)
		DisableScriptedObjects (15ms)
		BackupInstance (0ms)
		ReleaseScriptingObjects (0ms)
		CreateAndSetChildDomain (46ms)
	RebuildCommonClasses (89ms)
	RebuildNativeTypeToScriptingClass (26ms)
	initialDomainReloadingComplete (44ms)
	LoadAllAssembliesAndSetupDomain (44ms)
		LoadAssemblies (248ms)
		RebuildTransferFunctionScriptingTraits (0ms)
		AnalyzeDomain (30ms)
			TypeCache.Refresh (5ms)
				TypeCache.ScanAssembly (0ms)
			BuildScriptInfoCaches (16ms)
			ResolveRequiredComponents (5ms)
	FinalizeReload (704ms)
		ReleaseScriptCaches (0ms)
		RebuildScriptCaches (0ms)
		SetupLoadedEditorAssemblies (499ms)
			LogAssemblyErrors (0ms)
			InitializePlatformSupportModulesInManaged (7ms)
			SetLoadedEditorAssemblies (6ms)
			BeforeProcessingInitializeOnLoad (149ms)
			ProcessInitializeOnLoadAttributes (266ms)
			ProcessInitializeOnLoadMethodAttributes (59ms)
			AfterProcessingInitializeOnLoad (12ms)
			EditorAssembliesLoaded (0ms)
		ExecutionOrderSort2 (0ms)
		AwakeInstancesAfterBackupRestoration (22ms)
Refreshing native plugins compatible for Editor in 0.00 ms, found 0 plugins.
Preloading 0 native plugins for Editor in 0.00 ms.
Unloading 0 Unused Serialized files (Serialized files now loaded: 0)
Unloading 427 unused Assets / (35.1 KB). Loaded Objects now: 957.
Memory consumption went from 56.7 MB to 56.6 MB.
Total: 8.116700 ms (FindLiveObjects: 0.129300 ms CreateObjectMapping: 0.032400 ms MarkObjects: 7.766700 ms  DeleteObjects: 0.186000 ms)

Prepare: number of updated asset objects reloaded= 0
========================================================================
Received Import Request.
  Time since last request: 1395.424201 seconds.
  path: Assets/Animations
  artifactKey: Guid(32f2c8141db093e419e2a73a164d0998) Importer(815301076,1909f56bfc062723c751e8b465ee728b)
Start importing Assets/Animations using Guid(32f2c8141db093e419e2a73a164d0998) Importer(815301076,1909f56bfc062723c751e8b465ee728b) (PreviewImporter) -> (artifact id: '644b715b0eeb4c2635fffc4f5776213d') in 0.006104 seconds
Number of updated asset objects reloaded before import = 0Number of asset objects unloaded after import = 0

========================================================================
Received Import Request.
  Time since last request: 2.257949 seconds.
  path: Assets/Animations/displayImage.controller
  artifactKey: Guid(53d1661810718a447be7c50e8ec33b7e) Importer(815301076,1909f56bfc062723c751e8b465ee728b)
Start importing Assets/Animations/displayImage.controller using Guid(53d1661810718a447be7c50e8ec33b7e) Importer(815301076,1909f56bfc062723c751e8b465ee728b) (PreviewImporter) -> (artifact id: '3cca09ec50b44d9c8dce77f947d0273e') in 0.0688778 seconds
Number of updated asset objects reloaded before import = 0Number of asset objects unloaded after import = 4

========================================================================
Received Import Request.
  Time since last request: 2.288788 seconds.
  path: Assets/Animations/Escape Message Animation.anim
  artifactKey: Guid(d01bf74d394a39141b7df98823b224c3) Importer(815301076,1909f56bfc062723c751e8b465ee728b)
Start importing Assets/Animations/Escape Message Animation.anim using Guid(d01bf74d394a39141b7df98823b224c3) Importer(815301076,1909f56bfc062723c751e8b465ee728b) (PreviewImporter) -> (artifact id: '9bfb764eae6d658c4f6fe27f908e51f3') in 0.0080982 seconds
Number of updated asset objects reloaded before import = 0Number of asset objects unloaded after import = 1

========================================================================
Received Import Request.
  Time since last request: 2.488244 seconds.
  path: Assets/Editor/DynamicObjectEditor.cs
  artifactKey: Guid(d122efcd632b23f42babe725ebba98cf) Importer(815301076,1909f56bfc062723c751e8b465ee728b)
Start importing Assets/Editor/DynamicObjectEditor.cs using Guid(d122efcd632b23f42babe725ebba98cf) Importer(815301076,1909f56bfc062723c751e8b465ee728b) (PreviewImporter) -> (artifact id: 'f189f5cfdf113baddb6782b141791b33') in 0.0015531 seconds
Number of updated asset objects reloaded before import = 0Number of asset objects unloaded after import = 0

========================================================================
Received Import Request.
  Time since last request: 131.317437 seconds.
  path: Assets/Resources/Combined Items
  artifactKey: Guid(9b5dc479884bff849a1d61e811b5b606) Importer(815301076,1909f56bfc062723c751e8b465ee728b)
Start importing Assets/Resources/Combined Items using Guid(9b5dc479884bff849a1d61e811b5b606) Importer(815301076,1909f56bfc062723c751e8b465ee728b) (PreviewImporter) -> (artifact id: '677ec6fb07989081068932c6fbbd0346') in 0.0015553 seconds
Number of updated asset objects reloaded before import = 0Number of asset objects unloaded after import = 0

========================================================================
Received Import Request.
  Time since last request: 0.057626 seconds.
  path: Assets/Resources/Combined Items/box cut.prefab
  artifactKey: Guid(7e6f69559a779564ebd51dae80b5f6e3) Importer(815301076,1909f56bfc062723c751e8b465ee728b)
Start importing Assets/Resources/Combined Items/box cut.prefab using Guid(7e6f69559a779564ebd51dae80b5f6e3) Importer(815301076,1909f56bfc062723c751e8b465ee728b) (PreviewImporter) -> (artifact id: 'bf9002885a5bc1c1926d96c472024bd8') in 0.138957 seconds
Number of updated asset objects reloaded before import = 0Number of asset objects unloaded after import = 9

========================================================================
Received Import Request.
  Time since last request: 2.128572 seconds.
  path: Assets/Resources/Inventory Items
  artifactKey: Guid(96394a73e99a591418c14ff843419f83) Importer(815301076,1909f56bfc062723c751e8b465ee728b)
Start importing Assets/Resources/Inventory Items using Guid(96394a73e99a591418c14ff843419f83) Importer(815301076,1909f56bfc062723c751e8b465ee728b) (PreviewImporter) -> (artifact id: '6500932d2b53dc58f23bfd6b5b0e3692') in 0.0016296 seconds
Number of updated asset objects reloaded before import = 0Number of asset objects unloaded after import = 0

========================================================================
Received Import Request.
  Time since last request: 0.049243 seconds.
  path: Assets/Resources/Inventory Items/2 spades.png
  artifactKey: Guid(4636478482faf9144b9cd362a7e83939) Importer(815301076,1909f56bfc062723c751e8b465ee728b)
Start importing Assets/Resources/Inventory Items/2 spades.png using Guid(4636478482faf9144b9cd362a7e83939) Importer(815301076,1909f56bfc062723c751e8b465ee728b) (PreviewImporter) -> (artifact id: 'cf6364148467267fb8b28733c14745d2') in 0.1214975 seconds
Number of updated asset objects reloaded before import = 0Number of asset objects unloaded after import = 3

========================================================================
Received Import Request.
  Time since last request: 0.000051 seconds.
  path: Assets/Resources/Inventory Items/box.png
  artifactKey: Guid(bafc107a6b6a1f14b922b7f9bbe21be0) Importer(815301076,1909f56bfc062723c751e8b465ee728b)
Start importing Assets/Resources/Inventory Items/box.png using Guid(bafc107a6b6a1f14b922b7f9bbe21be0) Importer(815301076,1909f56bfc062723c751e8b465ee728b) (PreviewImporter) -> (artifact id: 'bda5dec5d0578aa65bde4aeee4490a93') in 0.027814 seconds
Number of updated asset objects reloaded before import = 0Number of asset objects unloaded after import = 3

========================================================================
Received Import Request.
  Time since last request: 0.000051 seconds.
  path: Assets/Resources/Inventory Items/box cut.png
  artifactKey: Guid(04480c84185a05148b074cb6a8b8c88d) Importer(815301076,1909f56bfc062723c751e8b465ee728b)
Start importing Assets/Resources/Inventory Items/box cut.png using Guid(04480c84185a05148b074cb6a8b8c88d) Importer(815301076,1909f56bfc062723c751e8b465ee728b) (PreviewImporter) -> (artifact id: 'b7434ced5d5e28a4b2e07167276afa35') in 0.0246888 seconds
Number of updated asset objects reloaded before import = 0Number of asset objects unloaded after import = 3

========================================================================
Received Import Request.
  Time since last request: 0.000062 seconds.
  path: Assets/Resources/Inventory Items/7 heart.png
  artifactKey: Guid(a3d60ae2c410ad54281fa8fbf27cac88) Importer(815301076,1909f56bfc062723c751e8b465ee728b)
Start importing Assets/Resources/Inventory Items/7 heart.png using Guid(a3d60ae2c410ad54281fa8fbf27cac88) Importer(815301076,1909f56bfc062723c751e8b465ee728b) (PreviewImporter) -> (artifact id: 'de8eae117f8afbf71811a140083f7e02') in 0.0312694 seconds
Number of updated asset objects reloaded before import = 0Number of asset objects unloaded after import = 3

========================================================================
Received Import Request.
  Time since last request: 0.000046 seconds.
  path: Assets/Resources/Inventory Items/key_yellow.png
  artifactKey: Guid(ec0ad1005379cfd4381b55eb8328e28a) Importer(815301076,1909f56bfc062723c751e8b465ee728b)
Start importing Assets/Resources/Inventory Items/key_yellow.png using Guid(ec0ad1005379cfd4381b55eb8328e28a) Importer(815301076,1909f56bfc062723c751e8b465ee728b) (PreviewImporter) -> (artifact id: 'e089e5e48c6ae680b0f405430d164be0') in 0.022905 seconds
Number of updated asset objects reloaded before import = 0Number of asset objects unloaded after import = 3

========================================================================
Received Import Request.
  Time since last request: 0.000041 seconds.
  path: Assets/Resources/Inventory Items/paper items.png
  artifactKey: Guid(18b9ad1df0d376b4ea50c899226c0551) Importer(815301076,1909f56bfc062723c751e8b465ee728b)
Start importing Assets/Resources/Inventory Items/paper items.png using Guid(18b9ad1df0d376b4ea50c899226c0551) Importer(815301076,1909f56bfc062723c751e8b465ee728b) (PreviewImporter) -> (artifact id: 'a826bff9ccdcdf9b091fb455f426f728') in 0.0180946 seconds
Number of updated asset objects reloaded before import = 0Number of asset objects unloaded after import = 3

========================================================================
Received Import Request.
  Time since last request: 0.000044 seconds.
  path: Assets/Resources/Inventory Items/key_blue.png
  artifactKey: Guid(f86aa7ddde2ddae408c34df6af07dc69) Importer(815301076,1909f56bfc062723c751e8b465ee728b)
Start importing Assets/Resources/Inventory Items/key_blue.png using Guid(f86aa7ddde2ddae408c34df6af07dc69) Importer(815301076,1909f56bfc062723c751e8b465ee728b) (PreviewImporter) -> (artifact id: '2661e5a5f6923c24e5c4bb71874b8aa9') in 0.0226686 seconds
Number of updated asset objects reloaded before import = 0Number of asset objects unloaded after import = 3

========================================================================
Received Import Request.
  Time since last request: 0.000044 seconds.
  path: Assets/Resources/Inventory Items/color paper open.png
  artifactKey: Guid(89840d089c5e43148bb9de868f50f79e) Importer(815301076,1909f56bfc062723c751e8b465ee728b)
Start importing Assets/Resources/Inventory Items/color paper open.png using Guid(89840d089c5e43148bb9de868f50f79e) Importer(815301076,1909f56bfc062723c751e8b465ee728b) (PreviewImporter) -> (artifact id: '77c899ee89f25dd892c3b7c2901ca3a6') in 0.0181507 seconds
Number of updated asset objects reloaded before import = 0Number of asset objects unloaded after import = 3

========================================================================
Received Import Request.
  Time since last request: 0.000039 seconds.
  path: Assets/Resources/Inventory Items/paper shapes.png
  artifactKey: Guid(42969392d30b9dc4ca419147682128f9) Importer(815301076,1909f56bfc062723c751e8b465ee728b)
Start importing Assets/Resources/Inventory Items/paper shapes.png using Guid(42969392d30b9dc4ca419147682128f9) Importer(815301076,1909f56bfc062723c751e8b465ee728b) (PreviewImporter) -> (artifact id: 'b5aaf9353ea1540988e68cacbd5ce4f2') in 0.0197975 seconds
Number of updated asset objects reloaded before import = 0Number of asset objects unloaded after import = 3

========================================================================
Received Import Request.
  Time since last request: 0.000571 seconds.
  path: Assets/Resources/Inventory Items/color paper.png
  artifactKey: Guid(2dc377e94b095b94eaaaf04b91be8f27) Importer(815301076,1909f56bfc062723c751e8b465ee728b)
Start importing Assets/Resources/Inventory Items/color paper.png using Guid(2dc377e94b095b94eaaaf04b91be8f27) Importer(815301076,1909f56bfc062723c751e8b465ee728b) (PreviewImporter) -> (artifact id: '5ab562d420592a208af9da5dee2af3c9') in 0.0194021 seconds
Number of updated asset objects reloaded before import = 0Number of asset objects unloaded after import = 3

========================================================================
Received Import Request.
  Time since last request: 0.000045 seconds.
  path: Assets/Resources/Inventory Items/empty_item.png
  artifactKey: Guid(9beef242e09193846a6cf0a1c12f113f) Importer(815301076,1909f56bfc062723c751e8b465ee728b)
Start importing Assets/Resources/Inventory Items/empty_item.png using Guid(9beef242e09193846a6cf0a1c12f113f) Importer(815301076,1909f56bfc062723c751e8b465ee728b) (PreviewImporter) -> (artifact id: '6b7651c4a063ee5ebed42b4d44cc3f7d') in 0.0188358 seconds
Number of updated asset objects reloaded before import = 0Number of asset objects unloaded after import = 3

========================================================================
Received Import Request.
  Time since last request: 0.000037 seconds.
  path: Assets/Resources/Inventory Items/4 diamonds.png
  artifactKey: Guid(e6211e61bbe87744fa8a772ef591b75b) Importer(815301076,1909f56bfc062723c751e8b465ee728b)
Start importing Assets/Resources/Inventory Items/4 diamonds.png using Guid(e6211e61bbe87744fa8a772ef591b75b) Importer(815301076,1909f56bfc062723c751e8b465ee728b) (PreviewImporter) -> (artifact id: 'e6e5f80a44a57025e651be2ead9af111') in 0.0763217 seconds
Number of updated asset objects reloaded before import = 0Number of asset objects unloaded after import = 3

========================================================================
Received Import Request.
  Time since last request: 0.000039 seconds.
  path: Assets/Resources/Inventory Items/paper.png
  artifactKey: Guid(a468de5a08bb1044ebe18df059927901) Importer(815301076,1909f56bfc062723c751e8b465ee728b)
Start importing Assets/Resources/Inventory Items/paper.png using Guid(a468de5a08bb1044ebe18df059927901) Importer(815301076,1909f56bfc062723c751e8b465ee728b) (PreviewImporter) -> (artifact id: 'd41a519bcca53b15483eef9c0882ffad') in 0.029703 seconds
Number of updated asset objects reloaded before import = 0Number of asset objects unloaded after import = 3

========================================================================
Received Import Request.
  Time since last request: 0.000043 seconds.
  path: Assets/Resources/Inventory Items/knife.png
  artifactKey: Guid(28fb2cce214950848af27e4c5c307f80) Importer(815301076,1909f56bfc062723c751e8b465ee728b)
Start importing Assets/Resources/Inventory Items/knife.png using Guid(28fb2cce214950848af27e4c5c307f80) Importer(815301076,1909f56bfc062723c751e8b465ee728b) (PreviewImporter) -> (artifact id: 'f989550624892c6f53a6637af12f163c') in 0.0229476 seconds
Number of updated asset objects reloaded before import = 0Number of asset objects unloaded after import = 3

========================================================================
Received Import Request.
  Time since last request: 0.000029 seconds.
  path: Assets/Resources/Inventory Items/8 clubs.png
  artifactKey: Guid(41b520a8a3d5be04c9e3958063414069) Importer(815301076,1909f56bfc062723c751e8b465ee728b)
Start importing Assets/Resources/Inventory Items/8 clubs.png using Guid(41b520a8a3d5be04c9e3958063414069) Importer(815301076,1909f56bfc062723c751e8b465ee728b) (PreviewImporter) -> (artifact id: '0d7561ce8a085cfcdf9ccf2be182a6f9') in 0.0242296 seconds
Number of updated asset objects reloaded before import = 0Number of asset objects unloaded after import = 3

========================================================================
Received Import Request.
  Time since last request: 1.477899 seconds.
  path: Assets/Resources/Sprites
  artifactKey: Guid(01bd0dd7cbad56144a420626fa8d6298) Importer(815301076,1909f56bfc062723c751e8b465ee728b)
Start importing Assets/Resources/Sprites using Guid(01bd0dd7cbad56144a420626fa8d6298) Importer(815301076,1909f56bfc062723c751e8b465ee728b) (PreviewImporter) -> (artifact id: 'e5e2278996e6e98ddd241f30e37e4c05') in 0.0024781 seconds
Number of updated asset objects reloaded before import = 0Number of asset objects unloaded after import = 0

========================================================================
Received Import Request.
  Time since last request: 0.067301 seconds.
  path: Assets/Resources/Sprites/behind sofa.png
  artifactKey: Guid(fb06527512ee2d640aff48df38cdaf3f) Importer(815301076,1909f56bfc062723c751e8b465ee728b)
Start importing Assets/Resources/Sprites/behind sofa.png using Guid(fb06527512ee2d640aff48df38cdaf3f) Importer(815301076,1909f56bfc062723c751e8b465ee728b) (PreviewImporter) -> (artifact id: 'f2202b5f7223337484d0ecaf5ed2004d') in 0.0252374 seconds
Number of updated asset objects reloaded before import = 0Number of asset objects unloaded after import = 3

========================================================================
Received Import Request.
  Time since last request: 0.000056 seconds.
  path: Assets/Resources/Sprites/furniture1.png
  artifactKey: Guid(4f2a7a6325ff0ef4193576849cfa9639) Importer(815301076,1909f56bfc062723c751e8b465ee728b)
Start importing Assets/Resources/Sprites/furniture1.png using Guid(4f2a7a6325ff0ef4193576849cfa9639) Importer(815301076,1909f56bfc062723c751e8b465ee728b) (PreviewImporter) -> (artifact id: '14ce3ce87027ac539a06d399e7d5f723') in 0.0269215 seconds
Number of updated asset objects reloaded before import = 0Number of asset objects unloaded after import = 3

========================================================================
Received Import Request.
  Time since last request: 0.000053 seconds.
  path: Assets/Resources/Sprites/open drawer right.png
  artifactKey: Guid(b6e0067a7ff2bc646a0279abd5011eed) Importer(815301076,1909f56bfc062723c751e8b465ee728b)
Start importing Assets/Resources/Sprites/open drawer right.png using Guid(b6e0067a7ff2bc646a0279abd5011eed) Importer(815301076,1909f56bfc062723c751e8b465ee728b) (PreviewImporter) -> (artifact id: 'ffab178c97af998e9a1e1a9272b1902c') in 0.0248201 seconds
Number of updated asset objects reloaded before import = 0Number of asset objects unloaded after import = 3

========================================================================
Received Import Request.
  Time since last request: 0.000054 seconds.
  path: Assets/Resources/Sprites/wall3.png
  artifactKey: Guid(4593bd8775fd62445823d49a7287f534) Importer(815301076,1909f56bfc062723c751e8b465ee728b)
Start importing Assets/Resources/Sprites/wall3.png using Guid(4593bd8775fd62445823d49a7287f534) Importer(815301076,1909f56bfc062723c751e8b465ee728b) (PreviewImporter) -> (artifact id: 'dbfe5bf128e9fce58f9d3c173c394c4e') in 0.0264146 seconds
Number of updated asset objects reloaded before import = 0Number of asset objects unloaded after import = 3

========================================================================
Received Import Request.
  Time since last request: 0.000087 seconds.
  path: Assets/Resources/Sprites/wall1.png
  artifactKey: Guid(85db90ce3bc7faa44817f663c37cae2c) Importer(815301076,1909f56bfc062723c751e8b465ee728b)
Start importing Assets/Resources/Sprites/wall1.png using Guid(85db90ce3bc7faa44817f663c37cae2c) Importer(815301076,1909f56bfc062723c751e8b465ee728b) (PreviewImporter) -> (artifact id: '5eec7c32243d7fb4f1a7db443313efcb') in 0.0313204 seconds
Number of updated asset objects reloaded before import = 0Number of asset objects unloaded after import = 3

========================================================================
Received Import Request.
  Time since last request: 0.000085 seconds.
  path: Assets/Resources/Sprites/open drawer left.png
  artifactKey: Guid(8d39c2ffc67b8cb4b8272d6be21c483e) Importer(815301076,1909f56bfc062723c751e8b465ee728b)
Start importing Assets/Resources/Sprites/open drawer left.png using Guid(8d39c2ffc67b8cb4b8272d6be21c483e) Importer(815301076,1909f56bfc062723c751e8b465ee728b) (PreviewImporter) -> (artifact id: 'cb07542dea814c192f1f41df51ee085e') in 0.0211894 seconds
Number of updated asset objects reloaded before import = 0Number of asset objects unloaded after import = 3

========================================================================
Received Import Request.
  Time since last request: 0.000045 seconds.
  path: Assets/Resources/Sprites/wall4.png
  artifactKey: Guid(34c106817b54f6d4c8ddbbc98ca00d68) Importer(815301076,1909f56bfc062723c751e8b465ee728b)
Start importing Assets/Resources/Sprites/wall4.png using Guid(34c106817b54f6d4c8ddbbc98ca00d68) Importer(815301076,1909f56bfc062723c751e8b465ee728b) (PreviewImporter) -> (artifact id: '700782020d51dbbedae6be784936103a') in 0.019926 seconds
Number of updated asset objects reloaded before import = 0Number of asset objects unloaded after import = 3

========================================================================
Received Import Request.
  Time since last request: 0.000042 seconds.
  path: Assets/Resources/Sprites/chess_solved.png
  artifactKey: Guid(a93402c5549174c42b7e06c1b458c9f3) Importer(815301076,1909f56bfc062723c751e8b465ee728b)
Start importing Assets/Resources/Sprites/chess_solved.png using Guid(a93402c5549174c42b7e06c1b458c9f3) Importer(815301076,1909f56bfc062723c751e8b465ee728b) (PreviewImporter) -> (artifact id: '0460266d5ff6df24651db25ff553b31a') in 0.0214782 seconds
Number of updated asset objects reloaded before import = 0Number of asset objects unloaded after import = 3

========================================================================
Received Import Request.
  Time since last request: 0.000040 seconds.
  path: Assets/Resources/Sprites/scale.png
  artifactKey: Guid(89e25372f1613084895d94a264ec2805) Importer(815301076,1909f56bfc062723c751e8b465ee728b)
Start importing Assets/Resources/Sprites/scale.png using Guid(89e25372f1613084895d94a264ec2805) Importer(815301076,1909f56bfc062723c751e8b465ee728b) (PreviewImporter) -> (artifact id: 'cf76838dd209c9827625f9bc3f8fef99') in 0.0187615 seconds
Number of updated asset objects reloaded before import = 0Number of asset objects unloaded after import = 3

========================================================================
Received Import Request.
  Time since last request: 0.000044 seconds.
  path: Assets/Resources/Sprites/wall2.png
  artifactKey: Guid(fb46a40f0db658545aa14081cec611e2) Importer(815301076,1909f56bfc062723c751e8b465ee728b)
Start importing Assets/Resources/Sprites/wall2.png using Guid(fb46a40f0db658545aa14081cec611e2) Importer(815301076,1909f56bfc062723c751e8b465ee728b) (PreviewImporter) -> (artifact id: '29a02e898f9eb801e6c0fc1945ba39b6') in 0.0222857 seconds
Number of updated asset objects reloaded before import = 0Number of asset objects unloaded after import = 3

========================================================================
Received Import Request.
  Time since last request: 0.000037 seconds.
  path: Assets/Resources/Sprites/scale solved.png
  artifactKey: Guid(855e7573050b85e4db672f873b8b63ac) Importer(815301076,1909f56bfc062723c751e8b465ee728b)
Start importing Assets/Resources/Sprites/scale solved.png using Guid(855e7573050b85e4db672f873b8b63ac) Importer(815301076,1909f56bfc062723c751e8b465ee728b) (PreviewImporter) -> (artifact id: 'fc5adc35f6af347fe9899c2448f7ecf8') in 0.020128 seconds
Number of updated asset objects reloaded before import = 0Number of asset objects unloaded after import = 3

========================================================================
Received Import Request.
  Time since last request: 0.000043 seconds.
  path: Assets/Resources/Sprites/numbers.png
  artifactKey: Guid(54d789e0d904e294db539e6094243245) Importer(815301076,1909f56bfc062723c751e8b465ee728b)
Start importing Assets/Resources/Sprites/numbers.png using Guid(54d789e0d904e294db539e6094243245) Importer(815301076,1909f56bfc062723c751e8b465ee728b) (PreviewImporter) -> (artifact id: 'a42151f752a387a255447a4c4d80a28a') in 0.077865 seconds
Number of updated asset objects reloaded before import = 0Number of asset objects unloaded after import = 12

========================================================================
Received Import Request.
  Time since last request: 10.965924 seconds.
  path: Assets/Scripts/DynamicObject.cs
  artifactKey: Guid(4e08087c3abf2b7408769b168d2ad2e8) Importer(815301076,1909f56bfc062723c751e8b465ee728b)
Start importing Assets/Scripts/DynamicObject.cs using Guid(4e08087c3abf2b7408769b168d2ad2e8) Importer(815301076,1909f56bfc062723c751e8b465ee728b) (PreviewImporter) -> (artifact id: 'e11161c3d144475854e5ebd766722381') in 0.0019453 seconds
Number of updated asset objects reloaded before import = 0Number of asset objects unloaded after import = 0

========================================================================
Received Import Request.
  Time since last request: 52.860524 seconds.
  path: Packages/com.unity.ugui/package.json
  artifactKey: Guid(319b8889f363f5947acf209c17a94149) Importer(815301076,1909f56bfc062723c751e8b465ee728b)
Start importing Packages/com.unity.ugui/package.json using Guid(319b8889f363f5947acf209c17a94149) Importer(815301076,1909f56bfc062723c751e8b465ee728b) (PreviewImporter) -> (artifact id: '61e826a582dbd6e506e2672c7273bfb8') in 0.01372 seconds
Number of updated asset objects reloaded before import = 0Number of asset objects unloaded after import = 1

========================================================================
Received Import Request.
  Time since last request: 1.551574 seconds.
  path: Packages/com.unity.multiplayer.center/package.json
  artifactKey: Guid(df0857f6a11054383be91b1f8e1b5800) Importer(815301076,1909f56bfc062723c751e8b465ee728b)
Start importing Packages/com.unity.multiplayer.center/package.json using Guid(df0857f6a11054383be91b1f8e1b5800) Importer(815301076,1909f56bfc062723c751e8b465ee728b) (PreviewImporter) -> (artifact id: '8e2320c157056d72ddb9950eeae60c7b') in 0.0110827 seconds
Number of updated asset objects reloaded before import = 0Number of asset objects unloaded after import = 1

========================================================================
Received Import Request.
  Time since last request: 6.091070 seconds.
  path: Assets/Scripts/ButtonBehaviour.cs
  artifactKey: Guid(cc30ee149fbed5148b5f67fb3840dd99) Importer(815301076,1909f56bfc062723c751e8b465ee728b)
Start importing Assets/Scripts/ButtonBehaviour.cs using Guid(cc30ee149fbed5148b5f67fb3840dd99) Importer(815301076,1909f56bfc062723c751e8b465ee728b) (PreviewImporter) -> (artifact id: 'b187f7596487edc78bfce70e3fdeead1') in 0.0017765 seconds
Number of updated asset objects reloaded before import = 0Number of asset objects unloaded after import = 0

========================================================================
Received Import Request.
  Time since last request: 9.206399 seconds.
  path: Assets/Scripts/DisplayImage.cs
  artifactKey: Guid(dea080db9c724bb43b94982d4d496c99) Importer(815301076,1909f56bfc062723c751e8b465ee728b)
Start importing Assets/Scripts/DisplayImage.cs using Guid(dea080db9c724bb43b94982d4d496c99) Importer(815301076,1909f56bfc062723c751e8b465ee728b) (PreviewImporter) -> (artifact id: 'fff17ca53ab3420898022fa246305ee9') in 0.0018757 seconds
Number of updated asset objects reloaded before import = 0Number of asset objects unloaded after import = 0

========================================================================
Received Import Request.
  Time since last request: 47.789292 seconds.
  path: Assets/Scripts/ButtonHandler.cs
  artifactKey: Guid(337651da09bb8a04a9e774725068342a) Importer(815301076,1909f56bfc062723c751e8b465ee728b)
Start importing Assets/Scripts/ButtonHandler.cs using Guid(337651da09bb8a04a9e774725068342a) Importer(815301076,1909f56bfc062723c751e8b465ee728b) (PreviewImporter) -> (artifact id: '259e6d6655c6bff5a2a1ad14fbf3a652') in 0.0022426 seconds
Number of updated asset objects reloaded before import = 0Number of asset objects unloaded after import = 0

========================================================================
Received Import Request.
  Time since last request: 63.857932 seconds.
  path: Assets/Scripts/Interact.cs
  artifactKey: Guid(0b6713379d265b5479ee604607089999) Importer(815301076,1909f56bfc062723c751e8b465ee728b)
Start importing Assets/Scripts/Interact.cs using Guid(0b6713379d265b5479ee604607089999) Importer(815301076,1909f56bfc062723c751e8b465ee728b) (PreviewImporter) -> (artifact id: '35bc6891a79b067fc724769d666baf93') in 0.0019394 seconds
Number of updated asset objects reloaded before import = 0Number of asset objects unloaded after import = 0

========================================================================
Received Import Request.
  Time since last request: 30.630409 seconds.
  path: Assets/Scripts/IInteractable.cs
  artifactKey: Guid(d2ba783f58e2fd246953d4bffa56cc61) Importer(815301076,1909f56bfc062723c751e8b465ee728b)
Start importing Assets/Scripts/IInteractable.cs using Guid(d2ba783f58e2fd246953d4bffa56cc61) Importer(815301076,1909f56bfc062723c751e8b465ee728b) (PreviewImporter) -> (artifact id: '1132c607d63b3513d2676e231157c35f') in 0.0013036 seconds
Number of updated asset objects reloaded before import = 0Number of asset objects unloaded after import = 0

========================================================================
Received Import Request.
  Time since last request: 93.049082 seconds.
  path: Assets/Scripts/ZoomInObject.cs
  artifactKey: Guid(fc07501ea99a32d44a32ece00c9c7da8) Importer(815301076,1909f56bfc062723c751e8b465ee728b)
Start importing Assets/Scripts/ZoomInObject.cs using Guid(fc07501ea99a32d44a32ece00c9c7da8) Importer(815301076,1909f56bfc062723c751e8b465ee728b) (PreviewImporter) -> (artifact id: 'f5ad9ea3880f39894d6baaa72e82a9ed') in 0.0016446 seconds
Number of updated asset objects reloaded before import = 0Number of asset objects unloaded after import = 0

========================================================================
Received Import Request.
  Time since last request: 27.539716 seconds.
  path: Assets/Scripts/ChangeView.cs
  artifactKey: Guid(50d896fdcb9224c459975cdbafb3731e) Importer(815301076,1909f56bfc062723c751e8b465ee728b)
Start importing Assets/Scripts/ChangeView.cs using Guid(50d896fdcb9224c459975cdbafb3731e) Importer(815301076,1909f56bfc062723c751e8b465ee728b) (PreviewImporter) -> (artifact id: '6ec4345d7d6348284d9a822ca0d549c0') in 0.0012859 seconds
Number of updated asset objects reloaded before import = 0Number of asset objects unloaded after import = 0

========================================================================
Received Import Request.
  Time since last request: 18.879140 seconds.
  path: Assets/Scripts/ObjectsManage.cs
  artifactKey: Guid(5f120734098190049844e176c748acec) Importer(815301076,1909f56bfc062723c751e8b465ee728b)
Start importing Assets/Scripts/ObjectsManage.cs using Guid(5f120734098190049844e176c748acec) Importer(815301076,1909f56bfc062723c751e8b465ee728b) (PreviewImporter) -> (artifact id: '5bbb2ee4a1e20a6c44b85ff2586da7ff') in 0.0011688 seconds
Number of updated asset objects reloaded before import = 0Number of asset objects unloaded after import = 0

========================================================================
Received Import Request.
  Time since last request: 33.893788 seconds.
  path: Assets/Scripts/Block.cs
  artifactKey: Guid(c3769753f5bf37e4893f5164bf538084) Importer(815301076,1909f56bfc062723c751e8b465ee728b)
Start importing Assets/Scripts/Block.cs using Guid(c3769753f5bf37e4893f5164bf538084) Importer(815301076,1909f56bfc062723c751e8b465ee728b) (PreviewImporter) -> (artifact id: 'fc573f68119413a27695dac60073f5b6') in 0.0017138 seconds
Number of updated asset objects reloaded before import = 0Number of asset objects unloaded after import = 0

========================================================================
Received Import Request.
  Time since last request: 378.042457 seconds.
  path: Assets/Scenes/escape game.unity
  artifactKey: Guid(13c9558f1dd231e46aa27249d08ecf09) Importer(815301076,1909f56bfc062723c751e8b465ee728b)
Start importing Assets/Scenes/escape game.unity using Guid(13c9558f1dd231e46aa27249d08ecf09) Importer(815301076,1909f56bfc062723c751e8b465ee728b) (PreviewImporter) -> (artifact id: 'e6b8646f3bbfeb388599993f341f8cec') in 0.0015876 seconds
Number of updated asset objects reloaded before import = 0Number of asset objects unloaded after import = 0

========================================================================
Received Prepare
Begin MonoManager ReloadAssembly
- Loaded All Assemblies, in  0.712 seconds
Refreshing native plugins compatible for Editor in 0.00 ms, found 0 plugins.
Native extension for WindowsStandalone target not found
Native extension for WebGL target not found
Mono: successfully reloaded assembly
- Finished resetting the current domain, in  0.686 seconds
Domain Reload Profiling: 1392ms
	BeginReloadAssembly (496ms)
		ExecutionOrderSort (0ms)
		DisableScriptedObjects (22ms)
		BackupInstance (0ms)
		ReleaseScriptingObjects (0ms)
		CreateAndSetChildDomain (113ms)
	RebuildCommonClasses (82ms)
	RebuildNativeTypeToScriptingClass (30ms)
	initialDomainReloadingComplete (46ms)
	LoadAllAssembliesAndSetupDomain (52ms)
		LoadAssemblies (280ms)
		RebuildTransferFunctionScriptingTraits (0ms)
		AnalyzeDomain (35ms)
			TypeCache.Refresh (7ms)
				TypeCache.ScanAssembly (0ms)
			BuildScriptInfoCaches (19ms)
			ResolveRequiredComponents (4ms)
	FinalizeReload (687ms)
		ReleaseScriptCaches (0ms)
		RebuildScriptCaches (0ms)
		SetupLoadedEditorAssemblies (488ms)
			LogAssemblyErrors (0ms)
			InitializePlatformSupportModulesInManaged (5ms)
			SetLoadedEditorAssemblies (8ms)
			BeforeProcessingInitializeOnLoad (147ms)
			ProcessInitializeOnLoadAttributes (260ms)
			ProcessInitializeOnLoadMethodAttributes (57ms)
			AfterProcessingInitializeOnLoad (11ms)
			EditorAssembliesLoaded (0ms)
		ExecutionOrderSort2 (0ms)
		AwakeInstancesAfterBackupRestoration (16ms)
Refreshing native plugins compatible for Editor in 0.00 ms, found 0 plugins.
Preloading 0 native plugins for Editor in 0.00 ms.
Unloading 0 Unused Serialized files (Serialized files now loaded: 0)
Unloading 427 unused Assets / (15.5 KB). Loaded Objects now: 972.
Memory consumption went from 56.7 MB to 56.7 MB.
Total: 6.845300 ms (FindLiveObjects: 0.130700 ms CreateObjectMapping: 0.037300 ms MarkObjects: 6.508600 ms  DeleteObjects: 0.166500 ms)

Prepare: number of updated asset objects reloaded= 0
========================================================================
Received Import Request.
  Time since last request: 350.397313 seconds.
  path: Assets/Scenes/logo.unity
  artifactKey: Guid(97ecbc9b76f7bb443808c7e53f2535cb) Importer(815301076,1909f56bfc062723c751e8b465ee728b)
Start importing Assets/Scenes/logo.unity using Guid(97ecbc9b76f7bb443808c7e53f2535cb) Importer(815301076,1909f56bfc062723c751e8b465ee728b) (PreviewImporter) -> (artifact id: '85c95ff5c9e4369debdd41cfdcd79db2') in 0.0040283 seconds
Number of updated asset objects reloaded before import = 0Number of asset objects unloaded after import = 0

========================================================================
Received Import Request.
  Time since last request: 3.671409 seconds.
  path: Assets/Scenes/menu.unity
  artifactKey: Guid(bbb2dc70dcab818408426ef22b17c804) Importer(815301076,1909f56bfc062723c751e8b465ee728b)
Start importing Assets/Scenes/menu.unity using Guid(bbb2dc70dcab818408426ef22b17c804) Importer(815301076,1909f56bfc062723c751e8b465ee728b) (PreviewImporter) -> (artifact id: 'aac9232f3f9b977b498aaa073dac70ca') in 0.0022322 seconds
Number of updated asset objects reloaded before import = 0Number of asset objects unloaded after import = 0

========================================================================
Received Prepare
Begin MonoManager ReloadAssembly
- Loaded All Assemblies, in  0.543 seconds
Refreshing native plugins compatible for Editor in 0.00 ms, found 0 plugins.
Native extension for WindowsStandalone target not found
Native extension for WebGL target not found
Mono: successfully reloaded assembly
- Finished resetting the current domain, in  0.792 seconds
Domain Reload Profiling: 1331ms
	BeginReloadAssembly (349ms)
		ExecutionOrderSort (0ms)
		DisableScriptedObjects (13ms)
		BackupInstance (0ms)
		ReleaseScriptingObjects (0ms)
		CreateAndSetChildDomain (46ms)
	RebuildCommonClasses (79ms)
	RebuildNativeTypeToScriptingClass (27ms)
	initialDomainReloadingComplete (43ms)
	LoadAllAssembliesAndSetupDomain (41ms)
		LoadAssemblies (228ms)
		RebuildTransferFunctionScriptingTraits (0ms)
		AnalyzeDomain (29ms)
			TypeCache.Refresh (5ms)
				TypeCache.ScanAssembly (0ms)
			BuildScriptInfoCaches (16ms)
			ResolveRequiredComponents (5ms)
	FinalizeReload (793ms)
		ReleaseScriptCaches (0ms)
		RebuildScriptCaches (0ms)
		SetupLoadedEditorAssemblies (561ms)
			LogAssemblyErrors (0ms)
			InitializePlatformSupportModulesInManaged (6ms)
			SetLoadedEditorAssemblies (7ms)
			BeforeProcessingInitializeOnLoad (160ms)
			ProcessInitializeOnLoadAttributes (303ms)
			ProcessInitializeOnLoadMethodAttributes (71ms)
			AfterProcessingInitializeOnLoad (15ms)
			EditorAssembliesLoaded (0ms)
		ExecutionOrderSort2 (0ms)
		AwakeInstancesAfterBackupRestoration (23ms)
Refreshing native plugins compatible for Editor in 0.00 ms, found 0 plugins.
Preloading 0 native plugins for Editor in 0.00 ms.
Unloading 0 Unused Serialized files (Serialized files now loaded: 0)
Unloading 427 unused Assets / (40.8 KB). Loaded Objects now: 972.
Memory consumption went from 56.7 MB to 56.7 MB.
Total: 9.079700 ms (FindLiveObjects: 0.128600 ms CreateObjectMapping: 0.067100 ms MarkObjects: 8.641600 ms  DeleteObjects: 0.239200 ms)

Prepare: number of updated asset objects reloaded= 0
========================================================================
Received Prepare
Begin MonoManager ReloadAssembly
- Loaded All Assemblies, in  0.406 seconds
Refreshing native plugins compatible for Editor in 0.00 ms, found 0 plugins.
Native extension for WindowsStandalone target not found
Native extension for WebGL target not found
Mono: successfully reloaded assembly
- Finished resetting the current domain, in  0.437 seconds
Domain Reload Profiling: 841ms
	BeginReloadAssembly (257ms)
		ExecutionOrderSort (0ms)
		DisableScriptedObjects (7ms)
		BackupInstance (0ms)
		ReleaseScriptingObjects (0ms)
		CreateAndSetChildDomain (41ms)
	RebuildCommonClasses (58ms)
	RebuildNativeTypeToScriptingClass (19ms)
	initialDomainReloadingComplete (30ms)
	LoadAllAssembliesAndSetupDomain (39ms)
		LoadAssemblies (166ms)
		RebuildTransferFunctionScriptingTraits (0ms)
		AnalyzeDomain (30ms)
			TypeCache.Refresh (15ms)
				TypeCache.ScanAssembly (9ms)
			BuildScriptInfoCaches (9ms)
			ResolveRequiredComponents (3ms)
	FinalizeReload (438ms)
		ReleaseScriptCaches (0ms)
		RebuildScriptCaches (0ms)
		SetupLoadedEditorAssemblies (308ms)
			LogAssemblyErrors (0ms)
			InitializePlatformSupportModulesInManaged (3ms)
			SetLoadedEditorAssemblies (6ms)
			BeforeProcessingInitializeOnLoad (91ms)
			ProcessInitializeOnLoadAttributes (165ms)
			ProcessInitializeOnLoadMethodAttributes (36ms)
			AfterProcessingInitializeOnLoad (8ms)
			EditorAssembliesLoaded (0ms)
		ExecutionOrderSort2 (0ms)
		AwakeInstancesAfterBackupRestoration (12ms)
Refreshing native plugins compatible for Editor in 0.00 ms, found 0 plugins.
Preloading 0 native plugins for Editor in 0.00 ms.
Unloading 0 Unused Serialized files (Serialized files now loaded: 0)
Unloading 470 unused Assets / (15.5 KB). Loaded Objects now: 1015.
Memory consumption went from 57.0 MB to 57.0 MB.
Total: 5.155400 ms (FindLiveObjects: 0.122300 ms CreateObjectMapping: 0.024200 ms MarkObjects: 4.860300 ms  DeleteObjects: 0.146900 ms)

Prepare: number of updated asset objects reloaded= 0
========================================================================
Received Import Request.
  Time since last request: 511.859455 seconds.
  path: Assets/Prefabs/box cut.prefab
  artifactKey: Guid(914713871cf2b514f9f2d35398c312c9) Importer(815301076,1909f56bfc062723c751e8b465ee728b)
Start importing Assets/Prefabs/box cut.prefab using Guid(914713871cf2b514f9f2d35398c312c9) Importer(815301076,1909f56bfc062723c751e8b465ee728b) (PreviewImporter) -> (artifact id: 'ffd53c502cc21853a1c471272129cfee') in 0.2497146 seconds
Number of updated asset objects reloaded before import = 0Number of asset objects unloaded after import = 9

========================================================================
Received Import Request.
  Time since last request: 0.000048 seconds.
  path: Assets/Prefabs/key_yellow.prefab
  artifactKey: Guid(f0471f0240371d54099c51a6ddc333dd) Importer(815301076,1909f56bfc062723c751e8b465ee728b)
Start importing Assets/Prefabs/key_yellow.prefab using Guid(f0471f0240371d54099c51a6ddc333dd) Importer(815301076,1909f56bfc062723c751e8b465ee728b) (PreviewImporter) -> (artifact id: '4295b32b29b65119edd056b06af5f9a3') in 0.0196261 seconds
Number of updated asset objects reloaded before import = 0Number of asset objects unloaded after import = 9

========================================================================
Received Import Request.
  Time since last request: 0.000069 seconds.
  path: Assets/Prefabs/numberLock.prefab
  artifactKey: Guid(2e9519844a1f3eb45bf605d2ef7b6089) Importer(815301076,1909f56bfc062723c751e8b465ee728b)
Start importing Assets/Prefabs/numberLock.prefab using Guid(2e9519844a1f3eb45bf605d2ef7b6089) Importer(815301076,1909f56bfc062723c751e8b465ee728b) (PreviewImporter) -> (artifact id: '5f7db4a924d3b9a268c4a4beaec270fc') in 0.2052139 seconds
Number of updated asset objects reloaded before import = 0Number of asset objects unloaded after import = 27

========================================================================
Received Import Request.
  Time since last request: 0.000034 seconds.
  path: Assets/Prefabs/paper.prefab
  artifactKey: Guid(b6c4180dd6fdb3442ab22b34508ce665) Importer(815301076,1909f56bfc062723c751e8b465ee728b)
Start importing Assets/Prefabs/paper.prefab using Guid(b6c4180dd6fdb3442ab22b34508ce665) Importer(815301076,1909f56bfc062723c751e8b465ee728b) (PreviewImporter) -> (artifact id: '2825117a68d0ead775bfcb0c84773e2e') in 0.0178919 seconds
Number of updated asset objects reloaded before import = 0Number of asset objects unloaded after import = 9

========================================================================
Received Import Request.
  Time since last request: 7.345209 seconds.
  path: Assets/Animations/logo animation.anim
  artifactKey: Guid(3b0c9f8ba7bb87a409686b7ec82f920c) Importer(815301076,1909f56bfc062723c751e8b465ee728b)
Start importing Assets/Animations/logo animation.anim using Guid(3b0c9f8ba7bb87a409686b7ec82f920c) Importer(815301076,1909f56bfc062723c751e8b465ee728b) (PreviewImporter) -> (artifact id: 'fff412345bb86b7394aef8b85d359a67') in 0.0033141 seconds
Number of updated asset objects reloaded before import = 0Number of asset objects unloaded after import = 1

========================================================================
Received Import Request.
  Time since last request: 17.463146 seconds.
  path: Assets/Animations/EscapeMessage.controller
  artifactKey: Guid(7f8c8bcbd803f65408574453980a00f2) Importer(815301076,1909f56bfc062723c751e8b465ee728b)
Start importing Assets/Animations/EscapeMessage.controller using Guid(7f8c8bcbd803f65408574453980a00f2) Importer(815301076,1909f56bfc062723c751e8b465ee728b) (PreviewImporter) -> (artifact id: '87559c7c3f31ba5832476f06a159ed8b') in 0.007565 seconds
Number of updated asset objects reloaded before import = 0Number of asset objects unloaded after import = 4

========================================================================
Received Prepare
Begin MonoManager ReloadAssembly
- Loaded All Assemblies, in  0.598 seconds
Refreshing native plugins compatible for Editor in 0.00 ms, found 0 plugins.
Native extension for WindowsStandalone target not found
Native extension for WebGL target not found
Mono: successfully reloaded assembly
- Finished resetting the current domain, in  0.708 seconds
Domain Reload Profiling: 1302ms
	BeginReloadAssembly (384ms)
		ExecutionOrderSort (0ms)
		DisableScriptedObjects (10ms)
		BackupInstance (0ms)
		ReleaseScriptingObjects (0ms)
		CreateAndSetChildDomain (49ms)
	RebuildCommonClasses (76ms)
	RebuildNativeTypeToScriptingClass (24ms)
	initialDomainReloadingComplete (50ms)
	LoadAllAssembliesAndSetupDomain (59ms)
		LoadAssemblies (259ms)
		RebuildTransferFunctionScriptingTraits (0ms)
		AnalyzeDomain (43ms)
			TypeCache.Refresh (16ms)
				TypeCache.ScanAssembly (0ms)
			BuildScriptInfoCaches (19ms)
			ResolveRequiredComponents (5ms)
	FinalizeReload (710ms)
		ReleaseScriptCaches (0ms)
		RebuildScriptCaches (0ms)
		SetupLoadedEditorAssemblies (507ms)
			LogAssemblyErrors (0ms)
			InitializePlatformSupportModulesInManaged (6ms)
			SetLoadedEditorAssemblies (6ms)
			BeforeProcessingInitializeOnLoad (171ms)
			ProcessInitializeOnLoadAttributes (261ms)
			ProcessInitializeOnLoadMethodAttributes (50ms)
			AfterProcessingInitializeOnLoad (12ms)
			EditorAssembliesLoaded (0ms)
		ExecutionOrderSort2 (0ms)
		AwakeInstancesAfterBackupRestoration (19ms)
Refreshing native plugins compatible for Editor in 0.00 ms, found 0 plugins.
Preloading 0 native plugins for Editor in 0.00 ms.
Unloading 0 Unused Serialized files (Serialized files now loaded: 0)
Unloading 470 unused Assets / (15.5 KB). Loaded Objects now: 1015.
Memory consumption went from 57.0 MB to 57.0 MB.
Total: 7.172200 ms (FindLiveObjects: 0.182900 ms CreateObjectMapping: 0.043100 ms MarkObjects: 6.234500 ms  DeleteObjects: 0.708700 ms)

Prepare: number of updated asset objects reloaded= 0
